        -:    0:Source:prova.c
        -:    0:Graph:prova.gcno
        -:    0:Data:prova.gcda
        -:    0:Runs:1
        -:    0:Programs:1
        -:    1:#include <values.h>
        -:    2:// #include <8051.h>
        -:    3:
        -:    4:/*
        -:    5:void resetValues()
        -:    6:{
        -:    7:	P0 = 0;
        -:    8:	P1 = 0;
        -:    9:	P2 = 0;
        -:   10:	P3 = 0;
        -:   11:}
        -:   12:*/
        -:   13:
        1:   14:void prova(int k)
        -:   15:{
        1:   16:	int cont = 0;
        1:   17:	int i = 0; 
        -:   18:
        7:   19:	for(; i < k; i++)
        -:   20:	{
        6:   21:		cont++;
        -:   22:	}
        1:   23:}
        -:   24:
        1:   25:int main()
        -:   26:{
        1:   27:	prova(k);
        -:   28://	resetValues();
        1:   29:	return 0;
        -:   30:}
